-------------------------------------------------------------------------------
Test set: in.elayaramanramalingam.ohara.TestCreateUser
-------------------------------------------------------------------------------
Tests run: 4, Failures: 2, Errors: 0, Skipped: 0, Time elapsed: 0.052 sec <<< FAILURE!
in.elayaramanramalingam.ohara.TestCreateUser.testCreateUserWithEmailNull()  Time elapsed: 0.018 sec  <<< FAILURE!
org.opentest4j.AssertionFailedError: Unexpected exception thrown: java.lang.Exception: Email cannot be empty or null
	at org.junit.jupiter.api.AssertDoesNotThrow.createAssertionFailedError(AssertDoesNotThrow.java:83)
	at org.junit.jupiter.api.AssertDoesNotThrow.assertDoesNotThrow(AssertDoesNotThrow.java:54)
	at org.junit.jupiter.api.AssertDoesNotThrow.assertDoesNotThrow(AssertDoesNotThrow.java:37)
	at org.junit.jupiter.api.Assertions.assertDoesNotThrow(Assertions.java:3135)
	at in.elayaramanramalingam.ohara.TestCreateUser.testCreateUserWithEmailNull(TestCreateUser.java:55)
Caused by: java.lang.Exception: Email cannot be empty or null
	at in.elayaramanramalingam.ohara.validation.UserValidator.validate(UserValidator.java:13)
	at in.elayaramanramalingam.ohara.services.UserServices.create(UserServices.java:31)
	at in.elayaramanramalingam.ohara.TestCreateUser.lambda$2(TestCreateUser.java:56)
	at org.junit.jupiter.api.AssertDoesNotThrow.assertDoesNotThrow(AssertDoesNotThrow.java:50)
	... 21 more

in.elayaramanramalingam.ohara.TestCreateUser.testCreateUserWithEmailEmpty()  Time elapsed: 0 sec  <<< FAILURE!
org.opentest4j.AssertionFailedError: Unexpected exception thrown: java.lang.Exception: Email cannot be empty or null
	at org.junit.jupiter.api.AssertDoesNotThrow.createAssertionFailedError(AssertDoesNotThrow.java:83)
	at org.junit.jupiter.api.AssertDoesNotThrow.assertDoesNotThrow(AssertDoesNotThrow.java:54)
	at org.junit.jupiter.api.AssertDoesNotThrow.assertDoesNotThrow(AssertDoesNotThrow.java:37)
	at org.junit.jupiter.api.Assertions.assertDoesNotThrow(Assertions.java:3135)
	at in.elayaramanramalingam.ohara.TestCreateUser.testCreateUserWithEmailEmpty(TestCreateUser.java:77)
Caused by: java.lang.Exception: Email cannot be empty or null
	at in.elayaramanramalingam.ohara.validation.UserValidator.validate(UserValidator.java:13)
	at in.elayaramanramalingam.ohara.services.UserServices.create(UserServices.java:31)
	at in.elayaramanramalingam.ohara.TestCreateUser.lambda$4(TestCreateUser.java:78)
	at org.junit.jupiter.api.AssertDoesNotThrow.assertDoesNotThrow(AssertDoesNotThrow.java:50)
	... 21 more

