<?xml version="1.0" encoding="UTF-8"?>
<testsuite xmlns:xsi="http://www.w3.org/2001/XMLSchema-instance" xsi:noNamespaceSchemaLocation="https://maven.apache.org/surefire/maven-surefire-plugin/xsd/surefire-test-report.xsd" name="in.elayaramanramalingam.ohara.TestGetAllUsers" time="0.88" tests="2" errors="0" skipped="0" failures="2">
  <properties>
[...]
</properties>
  <testcase name="in.elayaramanramalingam.ohara.TestGetAllUsers.testGetAllUsers" classname="in.elayaramanramalingam.ohara.TestGetAllUsers" time="0.401">
    <failure message="java.sql.SQLException: Access denied for user &apos;bog7xv47i1ni3arahpga&apos;" type="java.lang.RuntimeException"><![CDATA[java.lang.RuntimeException: java.sql.SQLException: Access denied for user 'bog7xv47i1ni3arahpga'
	at in.elayaramanramalingam.ohara.Util.ConnectionUtil.getConnection(ConnectionUtil.java:34)
	at in.elayaramanramalingam.ohara.dao.UserDAO.findAll(UserDAO.java:26)
	at in.elayaramanramalingam.ohara.services.UserServices.getAll(UserServices.java:16)
	at in.elayaramanramalingam.ohara.TestGetAllUsers.testGetAllUsers(TestGetAllUsers.java:16)
Caused by: java.sql.SQLException: Access denied for user 'bog7xv47i1ni3arahpga'
	at com.mysql.cj.jdbc.exceptions.SQLError.createSQLException(SQLError.java:129)
	at com.mysql.cj.jdbc.exceptions.SQLExceptionsMapping.translateException(SQLExceptionsMapping.java:122)
	at com.mysql.cj.jdbc.ConnectionImpl.createNewIO(ConnectionImpl.java:829)
	at com.mysql.cj.jdbc.ConnectionImpl.<init>(ConnectionImpl.java:449)
	at com.mysql.cj.jdbc.ConnectionImpl.getInstance(ConnectionImpl.java:242)
	at com.mysql.cj.jdbc.NonRegisteringDriver.connect(NonRegisteringDriver.java:198)
	at java.sql/java.sql.DriverManager.getConnection(DriverManager.java:681)
	at java.sql/java.sql.DriverManager.getConnection(DriverManager.java:229)
	at in.elayaramanramalingam.ohara.Util.ConnectionUtil.getConnection(ConnectionUtil.java:25)
	... 16 more
]]></failure>
    <system-err><![CDATA[java.sql.SQLException: Access denied for user 'bog7xv47i1ni3arahpga'
	at com.mysql.cj.jdbc.exceptions.SQLError.createSQLException(SQLError.java:129)
	at com.mysql.cj.jdbc.exceptions.SQLExceptionsMapping.translateException(SQLExceptionsMapping.java:122)
	at com.mysql.cj.jdbc.ConnectionImpl.createNewIO(ConnectionImpl.java:829)
	at com.mysql.cj.jdbc.ConnectionImpl.<init>(ConnectionImpl.java:449)
	at com.mysql.cj.jdbc.ConnectionImpl.getInstance(ConnectionImpl.java:242)
	at com.mysql.cj.jdbc.NonRegisteringDriver.connect(NonRegisteringDriver.java:198)
	at java.sql/java.sql.DriverManager.getConnection(DriverManager.java:681)
	at java.sql/java.sql.DriverManager.getConnection(DriverManager.java:229)
	at in.elayaramanramalingam.ohara.Util.ConnectionUtil.getConnection(ConnectionUtil.java:25)
	at in.elayaramanramalingam.ohara.dao.UserDAO.findAll(UserDAO.java:26)
	at in.elayaramanramalingam.ohara.services.UserServices.getAll(UserServices.java:16)
	at in.elayaramanramalingam.ohara.TestGetAllUsers.testGetAllUsers(TestGetAllUsers.java:16)
	at java.base/jdk.internal.reflect.NativeMethodAccessorImpl.invoke0(Native Method)
	at java.base/jdk.internal.reflect.NativeMethodAccessorImpl.invoke(NativeMethodAccessorImpl.java:77)
	at java.base/jdk.internal.reflect.DelegatingMethodAccessorImpl.invoke(DelegatingMethodAccessorImpl.java:43)
	at java.base/java.lang.reflect.Method.invoke(Method.java:568)
	at org.apache.maven.surefire.junit.PojoTestSet.executeTestMethod(PojoTestSet.java:146)
	at org.apache.maven.surefire.junit.PojoTestSet.executeTestMethods(PojoTestSet.java:108)
	at org.apache.maven.surefire.junit.PojoTestSet.execute(PojoTestSet.java:89)
	at org.apache.maven.surefire.junit.JUnit3Provider.executeTestSet(JUnit3Provider.java:140)
	at org.apache.maven.surefire.junit.JUnit3Provider.invoke(JUnit3Provider.java:113)
	at org.apache.maven.surefire.booter.ForkedBooter.invokeProviderInSameClassLoader(ForkedBooter.java:384)
	at org.apache.maven.surefire.booter.ForkedBooter.runSuitesInProcess(ForkedBooter.java:345)
	at org.apache.maven.surefire.booter.ForkedBooter.execute(ForkedBooter.java:126)
	at org.apache.maven.surefire.booter.ForkedBooter.main(ForkedBooter.java:418)
]]></system-err>
  </testcase>
  <testcase name="in.elayaramanramalingam.ohara.TestGetAllUsers.testFindById" classname="in.elayaramanramalingam.ohara.TestGetAllUsers" time="0.479">
    <failure message="java.sql.SQLException: Access denied for user &apos;bog7xv47i1ni3arahpga&apos;" type="java.lang.RuntimeException"><![CDATA[java.lang.RuntimeException: java.sql.SQLException: Access denied for user 'bog7xv47i1ni3arahpga'
	at in.elayaramanramalingam.ohara.Util.ConnectionUtil.getConnection(ConnectionUtil.java:34)
	at in.elayaramanramalingam.ohara.dao.UserDAO.findById(UserDAO.java:118)
	at in.elayaramanramalingam.ohara.services.UserServices.findById(UserServices.java:46)
	at in.elayaramanramalingam.ohara.TestGetAllUsers.testFindById(TestGetAllUsers.java:25)
Caused by: java.sql.SQLException: Access denied for user 'bog7xv47i1ni3arahpga'
	at com.mysql.cj.jdbc.exceptions.SQLError.createSQLException(SQLError.java:129)
	at com.mysql.cj.jdbc.exceptions.SQLExceptionsMapping.translateException(SQLExceptionsMapping.java:122)
	at com.mysql.cj.jdbc.ConnectionImpl.createNewIO(ConnectionImpl.java:829)
	at com.mysql.cj.jdbc.ConnectionImpl.<init>(ConnectionImpl.java:449)
	at com.mysql.cj.jdbc.ConnectionImpl.getInstance(ConnectionImpl.java:242)
	at com.mysql.cj.jdbc.NonRegisteringDriver.connect(NonRegisteringDriver.java:198)
	at java.sql/java.sql.DriverManager.getConnection(DriverManager.java:681)
	at java.sql/java.sql.DriverManager.getConnection(DriverManager.java:229)
	at in.elayaramanramalingam.ohara.Util.ConnectionUtil.getConnection(ConnectionUtil.java:25)
	... 16 more
]]></failure>
    <system-err><![CDATA[java.sql.SQLException: Access denied for user 'bog7xv47i1ni3arahpga'
	at com.mysql.cj.jdbc.exceptions.SQLError.createSQLException(SQLError.java:129)
	at com.mysql.cj.jdbc.exceptions.SQLExceptionsMapping.translateException(SQLExceptionsMapping.java:122)
	at com.mysql.cj.jdbc.ConnectionImpl.createNewIO(ConnectionImpl.java:829)
	at com.mysql.cj.jdbc.ConnectionImpl.<init>(ConnectionImpl.java:449)
	at com.mysql.cj.jdbc.ConnectionImpl.getInstance(ConnectionImpl.java:242)
	at com.mysql.cj.jdbc.NonRegisteringDriver.connect(NonRegisteringDriver.java:198)
	at java.sql/java.sql.DriverManager.getConnection(DriverManager.java:681)
	at java.sql/java.sql.DriverManager.getConnection(DriverManager.java:229)
	at in.elayaramanramalingam.ohara.Util.ConnectionUtil.getConnection(ConnectionUtil.java:25)
	at in.elayaramanramalingam.ohara.dao.UserDAO.findById(UserDAO.java:118)
	at in.elayaramanramalingam.ohara.services.UserServices.findById(UserServices.java:46)
	at in.elayaramanramalingam.ohara.TestGetAllUsers.testFindById(TestGetAllUsers.java:25)
	at java.base/jdk.internal.reflect.NativeMethodAccessorImpl.invoke0(Native Method)
	at java.base/jdk.internal.reflect.NativeMethodAccessorImpl.invoke(NativeMethodAccessorImpl.java:77)
	at java.base/jdk.internal.reflect.DelegatingMethodAccessorImpl.invoke(DelegatingMethodAccessorImpl.java:43)
	at java.base/java.lang.reflect.Method.invoke(Method.java:568)
	at org.apache.maven.surefire.junit.PojoTestSet.executeTestMethod(PojoTestSet.java:146)
	at org.apache.maven.surefire.junit.PojoTestSet.executeTestMethods(PojoTestSet.java:108)
	at org.apache.maven.surefire.junit.PojoTestSet.execute(PojoTestSet.java:89)
	at org.apache.maven.surefire.junit.JUnit3Provider.executeTestSet(JUnit3Provider.java:140)
	at org.apache.maven.surefire.junit.JUnit3Provider.invoke(JUnit3Provider.java:113)
	at org.apache.maven.surefire.booter.ForkedBooter.invokeProviderInSameClassLoader(ForkedBooter.java:384)
	at org.apache.maven.surefire.booter.ForkedBooter.runSuitesInProcess(ForkedBooter.java:345)
	at org.apache.maven.surefire.booter.ForkedBooter.execute(ForkedBooter.java:126)
	at org.apache.maven.surefire.booter.ForkedBooter.main(ForkedBooter.java:418)
]]></system-err>
  </testcase>
</testsuite>